#
# There is insufficient memory for the Java Runtime Environment to continue.
# Native memory allocation (malloc) failed to allocate 1611056 bytes for Chunk::new
# Possible reasons:
#   The system is out of physical RAM or swap space
#   The process is running with CompressedOops enabled, and the Java Heap may be blocking the growth of the native heap
# Possible solutions:
#   Reduce memory load on the system
#   Increase physical memory or swap space
#   Check if swap backing store is full
#   Decrease Java heap size (-Xmx/-Xms)
#   Decrease number of Java threads
#   Decrease Java thread stack sizes (-Xss)
#   Set larger code cache with -XX:ReservedCodeCacheSize=
#   JVM is running with Unscaled Compressed Oops mode in which the Java heap is
#     placed in the first 4GB address space. The Java Heap base address is the
#     maximum limit for the native heap growth. Please use -XX:HeapBaseMinAddress
#     to set the Java Heap base and to place the Java Heap above 4GB virtual address.
# This output file may be truncated or incomplete.
#
#  Out of Memory Error (allocation.cpp:389), pid=7396, tid=0x00000000000007f4
#
# JRE version: OpenJDK Runtime Environment (8.0_242-b01) (build 1.8.0_242-release-1644-b01)
# Java VM: OpenJDK 64-Bit Server VM (25.242-b01 mixed mode windows-amd64 compressed oops)
# Failed to write core dump. Minidumps are not enabled by default on client versions of Windows
#

---------------  T H R E A D  ---------------

Current thread (0x000000001717d800):  JavaThread "C2 CompilerThread1" daemon [_thread_in_native, id=2036, stack(0x00000000188c0000,0x00000000189c0000)]

Stack: [0x00000000188c0000,0x00000000189c0000]
[error occurred during error reporting (printing stack bounds), id 0xc0000005]

Native frames: (J=compiled Java code, j=interpreted, Vv=VM code, C=native code)


Current CompileTask:
C2: 187123 21256       4       com.sun.tools.javac.util.Convert::quote (131 bytes)


---------------  P R O C E S S  ---------------

Java Threads: ( => current thread )
  0x000000001d486800 JavaThread "WorkerExecutor Queue Thread 4" [_thread_in_Java, id=12656, stack(0x000000002c8a0000,0x000000002c9a0000)]
  0x000000001deae000 JavaThread "WorkerExecutor Queue Thread 3" [_thread_blocked, id=11164, stack(0x000000002c2a0000,0x000000002c3a0000)]
  0x000000001deaa800 JavaThread "WorkerExecutor Queue Thread 2" [_thread_blocked, id=2396, stack(0x000000002bda0000,0x000000002bea0000)]
  0x000000001deaf000 JavaThread "stdout" [_thread_in_native, id=9484, stack(0x000000002b470000,0x000000002b570000)]
  0x000000001dea9800 JavaThread "stderr" [_thread_in_native, id=12036, stack(0x000000002b370000,0x000000002b470000)]
  0x000000001dea2000 JavaThread "pool-7-thread-1" [_thread_blocked, id=9896, stack(0x000000002b270000,0x000000002b370000)]
  0x000000001dea8000 JavaThread "WorkerExecutor Queue" [_thread_blocked, id=340, stack(0x000000002b170000,0x000000002b270000)]
  0x000000001dea7800 JavaThread "Cache worker for execution history cache (D:\Android\MusicPlayer\.gradle\6.5\executionHistory)" [_thread_blocked, id=8256, stack(0x000000002adb0000,0x000000002aeb0000)]
  0x000000001dea9000 JavaThread "Execution worker for ':' Thread 3" [_thread_blocked, id=9412, stack(0x000000002acb0000,0x000000002adb0000)]
  0x000000001dea6800 JavaThread "Execution worker for ':' Thread 2" [_thread_blocked, id=11608, stack(0x0000000028430000,0x0000000028530000)]
  0x000000001dea3800 JavaThread "Execution worker for ':'" [_thread_blocked, id=11676, stack(0x0000000028030000,0x0000000028130000)]
  0x000000001dea6000 JavaThread "Cache worker for file content cache (D:\Android\MusicPlayer\.gradle\6.5\fileContent)" [_thread_blocked, id=9268, stack(0x0000000020c30000,0x0000000020d30000)]
  0x000000001d487800 JavaThread "Cache worker for Build Output Cleanup Cache (D:\Android\MusicPlayer\.gradle\buildOutputCleanup)" [_thread_blocked, id=12344, stack(0x0000000020b30000,0x0000000020c30000)]
  0x000000001d486000 JavaThread "Build operations Thread 4" [_thread_blocked, id=10228, stack(0x0000000020330000,0x0000000020430000)]
  0x000000001d485000 JavaThread "Build operations Thread 3" [_thread_blocked, id=1944, stack(0x000000001fb30000,0x000000001fc30000)]
  0x000000001d480000 JavaThread "Build operations Thread 2" [_thread_blocked, id=2564, stack(0x000000001fa30000,0x000000001fb30000)]
  0x000000001d484800 JavaThread "Build operations" [_thread_blocked, id=3684, stack(0x000000001f930000,0x000000001fa30000)]
  0x000000001d480800 JavaThread "Cache worker for cache directory md-rule (C:\Users\giang\.gradle\caches\6.5\md-rule)" [_thread_blocked, id=6968, stack(0x000000001e5b0000,0x000000001e6b0000)]
  0x000000001d483000 JavaThread "Cache worker for cache directory md-supplier (C:\Users\giang\.gradle\caches\6.5\md-supplier)" [_thread_blocked, id=12992, stack(0x000000001cbe0000,0x000000001cce0000)]
  0x000000001d478000 JavaThread "Cache worker for checksums cache (D:\Android\MusicPlayer\.gradle\checksums)" [_thread_blocked, id=13084, stack(0x000000001cae0000,0x000000001cbe0000)]
  0x000000001d47c800 JavaThread "Cache worker for file hash cache (D:\Android\MusicPlayer\.gradle\6.5\fileHashes)" [_thread_blocked, id=2476, stack(0x000000001c9e0000,0x000000001cae0000)]
  0x000000001d47a800 JavaThread "Thread-294" [_thread_blocked, id=716, stack(0x000000001c8e0000,0x000000001c9e0000)]
  0x000000001d479800 JavaThread "Stdin handler" [_thread_blocked, id=9920, stack(0x000000001bfa0000,0x000000001c0a0000)]
  0x000000001d47b000 JavaThread "Asynchronous log dispatcher for DefaultDaemonConnection: socket connection from /127.0.0.1:54029 to /127.0.0.1:54165" [_thread_blocked, id=12772, stack(0x000000001bea0000,0x000000001bfa0000)]
  0x000000001d47e800 JavaThread "Cancel handler" [_thread_blocked, id=8652, stack(0x0000000000940000,0x0000000000a40000)]
  0x000000001d47f000 JavaThread "Handler for socket connection from /127.0.0.1:54029 to /127.0.0.1:54165" [_thread_in_native, id=8396, stack(0x0000000000840000,0x0000000000940000)]
  0x000000001d481800 JavaThread "RMI TCP Connection(idle)" daemon [_thread_blocked, id=12568, stack(0x000000002bca0000,0x000000002bda0000)]
  0x000000001d479000 JavaThread "RMI TCP Connection(idle)" daemon [_thread_blocked, id=2692, stack(0x000000002bba0000,0x000000002bca0000)]
  0x0000000029be5800 JavaThread "jar transforms Thread 228" [_thread_blocked, id=12088, stack(0x0000000027f30000,0x0000000028030000)]
  0x0000000029be4000 JavaThread "jar transforms Thread 227" [_thread_blocked, id=12792, stack(0x0000000027e30000,0x0000000027f30000)]
  0x0000000029be9000 JavaThread "jar transforms Thread 226" [_thread_blocked, id=3416, stack(0x0000000027d30000,0x0000000027e30000)]
  0x0000000029be7800 JavaThread "jar transforms Thread 225" [_thread_blocked, id=7196, stack(0x0000000027c30000,0x0000000027d30000)]
  0x0000000029be4800 JavaThread "jar transforms Thread 224" [_thread_blocked, id=10488, stack(0x0000000027b30000,0x0000000027c30000)]
  0x0000000029be8800 JavaThread "jar transforms Thread 223" [_thread_blocked, id=5428, stack(0x0000000027a30000,0x0000000027b30000)]
  0x0000000029be7000 JavaThread "jar transforms Thread 222" [_thread_blocked, id=10860, stack(0x0000000027930000,0x0000000027a30000)]
  0x0000000029be3000 JavaThread "jar transforms Thread 221" [_thread_blocked, id=11236, stack(0x0000000027830000,0x0000000027930000)]
  0x0000000029bdb800 JavaThread "jar transforms Thread 220" [_thread_blocked, id=5388, stack(0x0000000027730000,0x0000000027830000)]
  0x0000000029be2800 JavaThread "jar transforms Thread 219" [_thread_blocked, id=11280, stack(0x0000000027630000,0x0000000027730000)]
  0x0000000029bdb000 JavaThread "jar transforms Thread 218" [_thread_blocked, id=4592, stack(0x0000000027530000,0x0000000027630000)]
  0x0000000029be1800 JavaThread "jar transforms Thread 217" [_thread_blocked, id=11644, stack(0x0000000027430000,0x0000000027530000)]
  0x0000000029be1000 JavaThread "jar transforms Thread 216" [_thread_blocked, id=12156, stack(0x0000000027330000,0x0000000027430000)]
  0x0000000029bdd000 JavaThread "jar transforms Thread 215" [_thread_blocked, id=8844, stack(0x0000000027230000,0x0000000027330000)]
  0x0000000029bdc800 JavaThread "jar transforms Thread 214" [_thread_blocked, id=10836, stack(0x0000000027130000,0x0000000027230000)]
  0x0000000029bda000 JavaThread "jar transforms Thread 213" [_thread_blocked, id=12236, stack(0x0000000027030000,0x0000000027130000)]
  0x0000000029be0000 JavaThread "jar transforms Thread 212" [_thread_blocked, id=2356, stack(0x0000000026f30000,0x0000000027030000)]
  0x0000000029bde800 JavaThread "jar transforms Thread 211" [_thread_blocked, id=12904, stack(0x0000000026e30000,0x0000000026f30000)]
  0x0000000029bde000 JavaThread "jar transforms Thread 210" [_thread_blocked, id=11904, stack(0x0000000026d30000,0x0000000026e30000)]
  0x0000000029bdf800 JavaThread "jar transforms Thread 209" [_thread_blocked, id=3588, stack(0x0000000026c30000,0x0000000026d30000)]
  0x000000001992e800 JavaThread "jar transforms Thread 208" [_thread_blocked, id=7520, stack(0x0000000026b30000,0x0000000026c30000)]
  0x000000001992e000 JavaThread "jar transforms Thread 207" [_thread_blocked, id=1508, stack(0x0000000026a30000,0x0000000026b30000)]
  0x000000001992f800 JavaThread "jar transforms Thread 206" [_thread_blocked, id=2592, stack(0x0000000026930000,0x0000000026a30000)]
  0x000000001992d000 JavaThread "jar transforms Thread 205" [_thread_blocked, id=4680, stack(0x0000000026830000,0x0000000026930000)]
  0x0000000019925800 JavaThread "jar transforms Thread 204" [_thread_blocked, id=7348, stack(0x0000000026730000,0x0000000026830000)]
  0x000000001992b800 JavaThread "jar transforms Thread 203" [_thread_blocked, id=6552, stack(0x0000000026630000,0x0000000026730000)]
  0x000000001992c800 JavaThread "jar transforms Thread 202" [_thread_blocked, id=1724, stack(0x0000000026530000,0x0000000026630000)]
  0x000000001992b000 JavaThread "jar transforms Thread 201" [_thread_blocked, id=1400, stack(0x0000000026430000,0x0000000026530000)]
  0x0000000019929800 JavaThread "jar transforms Thread 200" [_thread_blocked, id=8864, stack(0x0000000026330000,0x0000000026430000)]
  0x000000001992a000 JavaThread "jar transforms Thread 199" [_thread_blocked, id=4504, stack(0x0000000026230000,0x0000000026330000)]
  0x0000000019923800 JavaThread "jar transforms Thread 198" [_thread_blocked, id=11492, stack(0x0000000026130000,0x0000000026230000)]
  0x0000000019928800 JavaThread "jar transforms Thread 197" [_thread_blocked, id=3732, stack(0x0000000026030000,0x0000000026130000)]
  0x0000000019928000 JavaThread "jar transforms Thread 196" [_thread_blocked, id=8444, stack(0x0000000025f30000,0x0000000026030000)]
  0x0000000019922000 JavaThread "jar transforms Thread 195" [_thread_blocked, id=7740, stack(0x0000000025e30000,0x0000000025f30000)]
  0x0000000019925000 JavaThread "jar transforms Thread 194" [_thread_blocked, id=12192, stack(0x0000000025d30000,0x0000000025e30000)]
  0x0000000019920800 JavaThread "jar transforms Thread 193" [_thread_blocked, id=11036, stack(0x0000000025c30000,0x0000000025d30000)]
  0x0000000019922800 JavaThread "jar transforms Thread 192" [_thread_blocked, id=12688, stack(0x0000000025b30000,0x0000000025c30000)]
  0x0000000019924000 JavaThread "jar transforms Thread 191" [_thread_blocked, id=1248, stack(0x0000000025a30000,0x0000000025b30000)]
  0x0000000019927000 JavaThread "jar transforms Thread 190" [_thread_blocked, id=11292, stack(0x0000000025930000,0x0000000025a30000)]
  0x0000000019926800 JavaThread "jar transforms Thread 189" [_thread_blocked, id=3500, stack(0x0000000025830000,0x0000000025930000)]
  0x0000000019921000 JavaThread "jar transforms Thread 188" [_thread_blocked, id=9148, stack(0x0000000025730000,0x0000000025830000)]
  0x000000001adbc000 JavaThread "jar transforms Thread 187" [_thread_blocked, id=12660, stack(0x0000000025630000,0x0000000025730000)]
  0x000000001adbb800 JavaThread "jar transforms Thread 186" [_thread_blocked, id=13176, stack(0x0000000025530000,0x0000000025630000)]
  0x000000001adba800 JavaThread "jar transforms Thread 185" [_thread_blocked, id=3580, stack(0x0000000025430000,0x0000000025530000)]
  0x000000001adb8800 JavaThread "jar transforms Thread 184" [_thread_blocked, id=2180, stack(0x0000000025330000,0x0000000025430000)]
  0x000000001adba000 JavaThread "jar transforms Thread 183" [_thread_blocked, id=9512, stack(0x0000000025230000,0x0000000025330000)]
  0x000000001adb7800 JavaThread "jar transforms Thread 182" [_thread_blocked, id=4308, stack(0x0000000025130000,0x0000000025230000)]
  0x000000001adbd000 JavaThread "jar transforms Thread 181" [_thread_blocked, id=3660, stack(0x0000000025030000,0x0000000025130000)]
  0x000000001adb9000 JavaThread "jar transforms Thread 180" [_thread_blocked, id=7600, stack(0x0000000024f30000,0x0000000025030000)]
  0x000000001adbd800 JavaThread "jar transforms Thread 179" [_thread_blocked, id=8264, stack(0x0000000024e30000,0x0000000024f30000)]
  0x000000001adb0000 JavaThread "jar transforms Thread 178" [_thread_blocked, id=4576, stack(0x0000000024d30000,0x0000000024e30000)]
  0x000000001adb7000 JavaThread "jar transforms Thread 177" [_thread_blocked, id=8752, stack(0x0000000024c30000,0x0000000024d30000)]
  0x000000001adb4000 JavaThread "jar transforms Thread 176" [_thread_blocked, id=10980, stack(0x0000000024b30000,0x0000000024c30000)]
  0x000000001adb2800 JavaThread "jar transforms Thread 175" [_thread_blocked, id=8336, stack(0x0000000024a30000,0x0000000024b30000)]
  0x000000001adb1000 JavaThread "jar transforms Thread 174" [_thread_blocked, id=12444, stack(0x0000000024930000,0x0000000024a30000)]
  0x000000001adb4800 JavaThread "jar transforms Thread 173" [_thread_blocked, id=6964, stack(0x0000000024830000,0x0000000024930000)]
  0x000000001adb3000 JavaThread "jar transforms Thread 172" [_thread_blocked, id=3976, stack(0x0000000024730000,0x0000000024830000)]
  0x000000001adaf800 JavaThread "jar transforms Thread 171" [_thread_blocked, id=1868, stack(0x0000000024630000,0x0000000024730000)]
  0x000000001adb1800 JavaThread "jar transforms Thread 170" [_thread_blocked, id=11660, stack(0x0000000024530000,0x0000000024630000)]
  0x000000001adb6000 JavaThread "jar transforms Thread 169" [_thread_blocked, id=12752, stack(0x0000000024430000,0x0000000024530000)]
  0x000000001adb5800 JavaThread "jar transforms Thread 168" [_thread_blocked, id=2348, stack(0x0000000024330000,0x0000000024430000)]
  0x000000001adae800 JavaThread "jar transforms Thread 167" [_thread_blocked, id=9520, stack(0x0000000024230000,0x0000000024330000)]
  0x000000001a08d800 JavaThread "jar transforms Thread 166" [_thread_blocked, id=1792, stack(0x0000000024130000,0x0000000024230000)]
  0x000000001a094000 JavaThread "jar transforms Thread 165" [_thread_blocked, id=8412, stack(0x0000000024030000,0x0000000024130000)]
  0x000000001a08f800 JavaThread "jar transforms Thread 164" [_thread_blocked, id=4864, stack(0x0000000023f30000,0x0000000024030000)]
  0x000000001a093800 JavaThread "jar transforms Thread 163" [_thread_blocked, id=1368, stack(0x0000000023e30000,0x0000000023f30000)]
  0x0000000017185800 JavaThread "jar transforms Thread 162" [_thread_blocked, id=5248, stack(0x0000000023d30000,0x0000000023e30000)]
  0x0000000017184800 JavaThread "jar transforms Thread 161" [_thread_blocked, id=8624, stack(0x0000000023c30000,0x0000000023d30000)]
  0x000000001718b800 JavaThread "jar transforms Thread 160" [_thread_blocked, id=10664, stack(0x0000000023b30000,0x0000000023c30000)]
  0x000000001718a800 JavaThread "jar transforms Thread 159" [_thread_blocked, id=12852, stack(0x0000000023a30000,0x0000000023b30000)]
  0x0000000017187000 JavaThread "jar transforms Thread 158" [_thread_blocked, id=10164, stack(0x0000000023930000,0x0000000023a30000)]
  0x00000000298db000 JavaThread "jar transforms Thread 157" [_thread_blocked, id=8380, stack(0x0000000023830000,0x0000000023930000)]
  0x00000000298da000 JavaThread "jar transforms Thread 156" [_thread_blocked, id=10052, stack(0x0000000023730000,0x0000000023830000)]
  0x00000000298d1000 JavaThread "jar transforms Thread 155" [_thread_blocked, id=2736, stack(0x0000000023630000,0x0000000023730000)]
  0x00000000298d0800 JavaThread "jar transforms Thread 154" [_thread_blocked, id=9784, stack(0x0000000023530000,0x0000000023630000)]
  0x00000000298cf800 JavaThread "jar transforms Thread 153" [_thread_blocked, id=8976, stack(0x0000000023430000,0x0000000023530000)]
  0x00000000298cc800 JavaThread "jar transforms Thread 152" [_thread_blocked, id=11880, stack(0x0000000023330000,0x0000000023430000)]
  0x00000000298d3800 JavaThread "jar transforms Thread 151" [_thread_blocked, id=6928, stack(0x0000000023230000,0x0000000023330000)]
  0x00000000298cf000 JavaThread "jar transforms Thread 150" [_thread_blocked, id=5024, stack(0x0000000023130000,0x0000000023230000)]
  0x00000000298cc000 JavaThread "jar transforms Thread 149" [_thread_blocked, id=5780, stack(0x0000000023030000,0x0000000023130000)]
  0x00000000298ce000 JavaThread "jar transforms Thread 148" [_thread_blocked, id=9464, stack(0x0000000022f30000,0x0000000023030000)]
  0x00000000298d2000 JavaThread "jar transforms Thread 147" [_thread_blocked, id=8876, stack(0x0000000022e30000,0x0000000022f30000)]
  0x000000002eaa8000 JavaThread "jar transforms Thread 146" [_thread_blocked, id=6024, stack(0x0000000022d30000,0x0000000022e30000)]
  0x000000002eaa4800 JavaThread "jar transforms Thread 145" [_thread_blocked, id=1276, stack(0x0000000022c30000,0x0000000022d30000)]
  0x000000002eaa5000 JavaThread "jar transforms Thread 144" [_thread_blocked, id=6908, stack(0x0000000022b30000,0x0000000022c30000)]
  0x000000002eaa3000 JavaThread "jar transforms Thread 143" [_thread_blocked, id=1396, stack(0x0000000022a30000,0x0000000022b30000)]
  0x000000002eaa7800 JavaThread "jar transforms Thread 142" [_thread_blocked, id=5344, stack(0x0000000022930000,0x0000000022a30000)]
  0x000000002eaa6800 JavaThread "jar transforms Thread 141" [_thread_blocked, id=9272, stack(0x0000000022830000,0x0000000022930000)]
  0x000000002eaa6000 JavaThread "jar transforms Thread 140" [_thread_blocked, id=13284, stack(0x0000000022730000,0x0000000022830000)]
  0x000000002eaa3800 JavaThread "jar transforms Thread 139" [_thread_blocked, id=12552, stack(0x0000000022630000,0x0000000022730000)]
  0x000000002ea9a800 JavaThread "jar transforms Thread 138" [_thread_blocked, id=10932, stack(0x0000000022530000,0x0000000022630000)]
  0x000000002ea99800 JavaThread "jar transforms Thread 137" [_thread_blocked, id=9084, stack(0x0000000022430000,0x0000000022530000)]
  0x000000002ea99000 JavaThread "jar transforms Thread 136" [_thread_blocked, id=8984, stack(0x0000000022330000,0x0000000022430000)]
  0x000000002eaa0000 JavaThread "jar transforms Thread 135" [_thread_blocked, id=3528, stack(0x0000000022230000,0x0000000022330000)]
  0x000000002ea9f000 JavaThread "jar transforms Thread 134" [_thread_blocked, id=3716, stack(0x0000000022130000,0x0000000022230000)]
  0x000000002ea9e000 JavaThread "jar transforms Thread 133" [_thread_blocked, id=8756, stack(0x0000000022030000,0x0000000022130000)]
  0x000000002ea9b000 JavaThread "jar transforms Thread 132" [_thread_blocked, id=10340, stack(0x0000000021f30000,0x0000000022030000)]
  0x000000001df1d000 JavaThread "jar transforms Thread 131" [_thread_blocked, id=7892, stack(0x0000000021e30000,0x0000000021f30000)]
  0x000000001df1f000 JavaThread "jar transforms Thread 130" [_thread_blocked, id=876, stack(0x0000000021d30000,0x0000000021e30000)]
  0x000000001df1c000 JavaThread "jar transforms Thread 129" [_thread_blocked, id=12740, stack(0x0000000021c30000,0x0000000021d30000)]
  0x000000001df1e800 JavaThread "jar transforms Thread 128" [_thread_blocked, id=860, stack(0x0000000021b30000,0x0000000021c30000)]
  0x000000001df1d800 JavaThread "jar transforms Thread 127" [_thread_blocked, id=5312, stack(0x0000000021a30000,0x0000000021b30000)]
  0x000000001df1b800 JavaThread "jar transforms Thread 126" [_thread_blocked, id=5288, stack(0x0000000021930000,0x0000000021a30000)]
  0x000000001df21800 JavaThread "jar transforms Thread 125" [_thread_blocked, id=9612, stack(0x0000000021730000,0x0000000021830000)]
  0x000000001df20800 JavaThread "jar transforms Thread 124" [_thread_blocked, id=4280, stack(0x0000000021630000,0x0000000021730000)]
  0x000000001df20000 JavaThread "jar transforms Thread 123" [_thread_blocked, id=12760, stack(0x0000000021530000,0x0000000021630000)]
  0x000000001df14000 JavaThread "jar transforms Thread 122" [_thread_blocked, id=1432, stack(0x0000000021430000,0x0000000021530000)]
  0x000000001df1a800 JavaThread "jar transforms Thread 121" [_thread_blocked, id=7488, stack(0x0000000021330000,0x0000000021430000)]
  0x000000001df13000 JavaThread "jar transforms Thread 120" [_thread_blocked, id=8872, stack(0x0000000021230000,0x0000000021330000)]
  0x000000001df1a000 JavaThread "jar transforms Thread 119" [_thread_blocked, id=8392, stack(0x0000000021130000,0x0000000021230000)]
  0x000000001df12800 JavaThread "jar transforms Thread 118" [_thread_blocked, id=11632, stack(0x0000000021030000,0x0000000021130000)]
  0x000000001df19000 JavaThread "jar transforms Thread 117" [_thread_blocked, id=7424, stack(0x0000000020f30000,0x0000000021030000)]
  0x000000001deb0800 JavaThread "jar transforms Thread 116" [_thread_blocked, id=4276, stack(0x0000000020e30000,0x0000000020f30000)]
  0x000000001dead800 JavaThread "jar transforms Thread 115" [_thread_blocked, id=10368, stack(0x0000000020d30000,0x0000000020e30000)]
  0x000000001dea4800 JavaThread "Daemon worker Thread 2" [_thread_blocked, id=6996, stack(0x000000001c5e0000,0x000000001c6e0000)]
  0x000000001dea3000 JavaThread "Daemon Thread 2" [_thread_blocked, id=6196, stack(0x0000000000740000,0x0000000000840000)]
  0x000000001a092000 JavaThread "Cache worker for Java compile cache (C:\Users\giang\.gradle\caches\6.5\javaCompile)" [_thread_blocked, id=2144, stack(0x000000002ed70000,0x000000002ee70000)]
  0x000000001a092800 JavaThread "RMI TCP Connection(idle)" daemon [_thread_blocked, id=9264, stack(0x000000002ec70000,0x000000002ed70000)]
  0x00000000298d9800 JavaThread "RMI Reaper" [_thread_blocked, id=1128, stack(0x000000002cba0000,0x000000002cca0000)]
  0x00000000298d8000 JavaThread "RMI TCP Accept-0" daemon [_thread_in_native, id=4700, stack(0x000000002caa0000,0x000000002cba0000)]
  0x00000000298d6800 JavaThread "GC Daemon" daemon [_thread_blocked, id=11180, stack(0x000000002c9a0000,0x000000002caa0000)]
  0x00000000298d5000 JavaThread "RMI Scheduler(0)" daemon [_thread_blocked, id=6940, stack(0x000000002c7a0000,0x000000002c8a0000)]
  0x000000001deb1000 JavaThread "Memory manager" [_thread_blocked, id=5844, stack(0x0000000029380000,0x0000000029480000)]
  0x0000000017187800 JavaThread "Cache worker for file content cache (C:\Users\giang\.gradle\caches\6.5\fileContent)" [_thread_blocked, id=8488, stack(0x0000000020430000,0x0000000020530000)]
  0x0000000017186000 JavaThread "Cache worker for execution history cache (C:\Users\giang\.gradle\caches\6.5\executionHistory)" [_thread_blocked, id=13072, stack(0x000000001fc30000,0x000000001fd30000)]
  0x000000001718a000 JavaThread "Cache worker for file hash cache (C:\Users\giang\.gradle\caches\6.5\fileHashes)" [_thread_blocked, id=8764, stack(0x000000001d0e0000,0x000000001d1e0000)]
  0x0000000017189000 JavaThread "File lock request listener" [_thread_in_native, id=9932, stack(0x000000001cfe0000,0x000000001d0e0000)]
  0x000000001ac73800 JavaThread "Cache worker for journal cache (C:\Users\giang\.gradle\caches\journal-1)" [_thread_blocked, id=13264, stack(0x000000001cee0000,0x000000001cfe0000)]
  0x000000001aba7000 JavaThread "Daemon periodic checks" [_thread_blocked, id=13128, stack(0x000000001c2e0000,0x000000001c3e0000)]
  0x000000001aba4800 JavaThread "Incoming local TCP Connector on port 54029" [_thread_in_native, id=6884, stack(0x000000001c0a0000,0x000000001c1a0000)]
  0x000000001ab61800 JavaThread "Daemon health stats" [_thread_blocked, id=7460, stack(0x000000001ba60000,0x000000001bb60000)]
  0x0000000018ae8800 JavaThread "Service Thread" daemon [_thread_blocked, id=7404, stack(0x0000000018ec0000,0x0000000018fc0000)]
  0x0000000017188800 JavaThread "C1 CompilerThread2" daemon [_thread_blocked, id=2364, stack(0x00000000189c0000,0x0000000018ac0000)]
=>0x000000001717d800 JavaThread "C2 CompilerThread1" daemon [_thread_in_native, id=2036, stack(0x00000000188c0000,0x00000000189c0000)]
  0x0000000017172800 JavaThread "C2 CompilerThread0" daemon [_thread_blocked, id=11160, stack(0x00000000187c0000,0x00000000188c0000)]
  0x0000000017171000 JavaThread "Attach Listener" daemon [_thread_blocked, id=12784, stack(0x00000000186c0000,0x00000000187c0000)]
  0x0000000017175000 JavaThread "Signal Dispatcher" daemon [_thread_blocked, id=6612, stack(0x00000000185c0000,0x00000000186c0000)]
  0x000000000254b000 JavaThread "Finalizer" daemon [_thread_blocked, id=5216, stack(0x00000000183c0000,0x00000000184c0000)]
  0x0000000017159000 JavaThread "Reference Handler" daemon [_thread_blocked, id=2368, stack(0x00000000182c0000,0x00000000183c0000)]
  0x0000000000a8e800 JavaThread "main" [_thread_blocked, id=10884, stack(0x00000000022c0000,0x00000000023c0000)]

Other Threads:
  0x0000000017136000 VMThread [stack: 0x00000000181c0000,0x00000000182c0000] [id=2064]
  0x00000000171ce000 WatcherThread [stack: 0x0000000018fc0000,0x00000000190c0000] [id=9764]

VM state:not at safepoint (normal execution)

VM Mutex/Monitor currently owned by a thread: None

heap address: 0x0000000080000000, size: 2048 MB, Compressed Oops mode: 32-bit
Narrow klass base: 0x0000000000000000, Narrow klass shift: 3
Compressed class space size: 1073741824 Address: 0x0000000100000000

Heap:
 PSYoungGen      total 501248K, used 295384K [0x00000000d5580000, 0x00000000faf80000, 0x0000000100000000)
  eden space 428544K, 61% used [0x00000000d5580000,0x00000000e5856dc0,0x00000000ef800000)
  from space 72704K, 41% used [0x00000000ef800000,0x00000000f159f4f0,0x00000000f3f00000)
  to   space 69120K, 0% used [0x00000000f6c00000,0x00000000f6c00000,0x00000000faf80000)
 ParOldGen       total 235520K, used 161188K [0x0000000080000000, 0x000000008e600000, 0x00000000d5580000)
  object space 235520K, 68% used [0x0000000080000000,0x0000000089d69168,0x000000008e600000)
 Metaspace       used 116087K, capacity 121846K, committed 122024K, reserved 1155072K
  class space    used 14897K, capacity 16018K, committed 16048K, reserved 1048576K

Card table byte_map: [0x0000000011910000,0x0000000011d20000] byte_map_base: 0x0000000011510000

Marking Bits: (ParMarkBitMap*) 0x0000000054eff030
 Begin Bits: [0x00000000123d0000, 0x00000000143d0000)
 End Bits:   [0x00000000143d0000, 0x00000000163d0000)

Polling page: 0x0000000000ab0000

CodeCache: size=245760Kb used=57474Kb max_used=57496Kb free=188285Kb
 bounds [0x0000000002550000, 0x0000000005dd0000, 0x0000000011550000]
 total_blobs=18099 nmethods=17180 adapters=829
 compilation: enabled

Compilation events (10 events):
Event: 186.949 Thread 0x0000000017172800 21258       4       com.sun.tools.javac.tree.JCTree$JCLiteral::accept (6 bytes)
Event: 186.950 Thread 0x0000000017172800 nmethod 21258 0x00000000059429d0 code [0x0000000005942b00, 0x0000000005942b78]
Event: 186.950 Thread 0x0000000017172800 21229       4       com.sun.tools.javac.comp.Attr::checkId (59 bytes)
Event: 186.953 Thread 0x0000000017172800 nmethod 21229 0x0000000005d9f650 code [0x0000000005d9f7c0, 0x0000000005d9f978]
Event: 187.008 Thread 0x0000000017172800 21269       4       com.sun.tools.javac.code.Symbol::getAnnotationMirrors (5 bytes)
Event: 187.009 Thread 0x0000000017172800 nmethod 21269 0x000000000595bd10 code [0x000000000595be40, 0x000000000595beb8]
Event: 187.009 Thread 0x0000000017172800 21270       4       com.sun.tools.javac.code.Symbol$VarSymbol::getKind (86 bytes)
Event: 187.010 Thread 0x0000000017172800 nmethod 21270 0x0000000005d9f2d0 code [0x0000000005d9f420, 0x0000000005d9f518]
Event: 187.011 Thread 0x0000000017172800 21271       4       javax.lang.model.util.ElementScanner6::scan (48 bytes)
Event: 187.113 Thread 0x0000000017172800 nmethod 21271 0x0000000005dbccd0 code [0x0000000005dbd140, 0x0000000005dbfc08]

GC Heap History (10 events):
Event: 47.844 GC heap before
{Heap before GC invocations=21 (full 4):
 PSYoungGen      total 372736K, used 352198K [0x00000000d5580000, 0x00000000f2700000, 0x0000000100000000)
  eden space 338944K, 100% used [0x00000000d5580000,0x00000000ea080000,0x00000000ea080000)
  from space 33792K, 39% used [0x00000000ed900000,0x00000000ee5f18b8,0x00000000efa00000)
  to   space 57856K, 0% used [0x00000000ea080000,0x00000000ea080000,0x00000000ed900000)
 ParOldGen       total 235520K, used 113245K [0x0000000080000000, 0x000000008e600000, 0x00000000d5580000)
  object space 235520K, 48% used [0x0000000080000000,0x0000000086e97520,0x000000008e600000)
 Metaspace       used 98130K, capacity 101864K, committed 102312K, reserved 1138688K
  class space    used 12714K, capacity 13377K, committed 13488K, reserved 1048576K
Event: 47.974 GC heap after
Heap after GC invocations=21 (full 4):
 PSYoungGen      total 396800K, used 25764K [0x00000000d5580000, 0x00000000f3f00000, 0x0000000100000000)
  eden space 338944K, 0% used [0x00000000d5580000,0x00000000d5580000,0x00000000ea080000)
  from space 57856K, 44% used [0x00000000ea080000,0x00000000eb9a9060,0x00000000ed900000)
  to   space 55808K, 0% used [0x00000000f0880000,0x00000000f0880000,0x00000000f3f00000)
 ParOldGen       total 235520K, used 126645K [0x0000000080000000, 0x000000008e600000, 0x00000000d5580000)
  object space 235520K, 53% used [0x0000000080000000,0x0000000087bad520,0x000000008e600000)
 Metaspace       used 98130K, capacity 101864K, committed 102312K, reserved 1138688K
  class space    used 12714K, capacity 13377K, committed 13488K, reserved 1048576K
}
Event: 50.805 GC heap before
{Heap before GC invocations=22 (full 4):
 PSYoungGen      total 396800K, used 364708K [0x00000000d5580000, 0x00000000f3f00000, 0x0000000100000000)
  eden space 338944K, 100% used [0x00000000d5580000,0x00000000ea080000,0x00000000ea080000)
  from space 57856K, 44% used [0x00000000ea080000,0x00000000eb9a9060,0x00000000ed900000)
  to   space 55808K, 0% used [0x00000000f0880000,0x00000000f0880000,0x00000000f3f00000)
 ParOldGen       total 235520K, used 126645K [0x0000000080000000, 0x000000008e600000, 0x00000000d5580000)
  object space 235520K, 53% used [0x0000000080000000,0x0000000087bad520,0x000000008e600000)
 Metaspace       used 108507K, capacity 113858K, committed 114088K, reserved 1148928K
  class space    used 14272K, capacity 15270K, committed 15280K, reserved 1048576K
Event: 50.857 GC heap after
Heap after GC invocations=22 (full 4):
 PSYoungGen      total 432128K, used 55790K [0x00000000d5580000, 0x00000000f5a00000, 0x0000000100000000)
  eden space 376320K, 0% used [0x00000000d5580000,0x00000000d5580000,0x00000000ec500000)
  from space 55808K, 99% used [0x00000000f0880000,0x00000000f3efb890,0x00000000f3f00000)
  to   space 69120K, 0% used [0x00000000ec500000,0x00000000ec500000,0x00000000f0880000)
 ParOldGen       total 235520K, used 136795K [0x0000000080000000, 0x000000008e600000, 0x00000000d5580000)
  object space 235520K, 58% used [0x0000000080000000,0x0000000088596d58,0x000000008e600000)
 Metaspace       used 108507K, capacity 113858K, committed 114088K, reserved 1148928K
  class space    used 14272K, capacity 15270K, committed 15280K, reserved 1048576K
}
Event: 54.670 GC heap before
{Heap before GC invocations=23 (full 4):
 PSYoungGen      total 432128K, used 432110K [0x00000000d5580000, 0x00000000f5a00000, 0x0000000100000000)
  eden space 376320K, 100% used [0x00000000d5580000,0x00000000ec500000,0x00000000ec500000)
  from space 55808K, 99% used [0x00000000f0880000,0x00000000f3efb890,0x00000000f3f00000)
  to   space 69120K, 0% used [0x00000000ec500000,0x00000000ec500000,0x00000000f0880000)
 ParOldGen       total 235520K, used 136795K [0x0000000080000000, 0x000000008e600000, 0x00000000d5580000)
  object space 235520K, 58% used [0x0000000080000000,0x0000000088596d58,0x000000008e600000)
 Metaspace       used 112533K, capacity 118050K, committed 118184K, reserved 1150976K
  class space    used 14687K, capacity 15718K, committed 15792K, reserved 1048576K
Event: 54.764 GC heap after
Heap after GC invocations=23 (full 4):
 PSYoungGen      total 445440K, used 11063K [0x00000000d5580000, 0x00000000f8400000, 0x0000000100000000)
  eden space 376320K, 0% used [0x00000000d5580000,0x00000000d5580000,0x00000000ec500000)
  from space 69120K, 16% used [0x00000000ec500000,0x00000000ecfcddf8,0x00000000f0880000)
  to   space 67072K, 0% used [0x00000000f4280000,0x00000000f4280000,0x00000000f8400000)
 ParOldGen       total 235520K, used 161172K [0x0000000080000000, 0x000000008e600000, 0x00000000d5580000)
  object space 235520K, 68% used [0x0000000080000000,0x0000000089d65168,0x000000008e600000)
 Metaspace       used 112533K, capacity 118050K, committed 118184K, reserved 1150976K
  class space    used 14687K, capacity 15718K, committed 15792K, reserved 1048576K
}
Event: 121.897 GC heap before
{Heap before GC invocations=24 (full 4):
 PSYoungGen      total 445440K, used 387383K [0x00000000d5580000, 0x00000000f8400000, 0x0000000100000000)
  eden space 376320K, 100% used [0x00000000d5580000,0x00000000ec500000,0x00000000ec500000)
  from space 69120K, 16% used [0x00000000ec500000,0x00000000ecfcddf8,0x00000000f0880000)
  to   space 67072K, 0% used [0x00000000f4280000,0x00000000f4280000,0x00000000f8400000)
 ParOldGen       total 235520K, used 161172K [0x0000000080000000, 0x000000008e600000, 0x00000000d5580000)
  object space 235520K, 68% used [0x0000000080000000,0x0000000089d65168,0x000000008e600000)
 Metaspace       used 114547K, capacity 120230K, committed 120360K, reserved 1153024K
  class space    used 14791K, capacity 15816K, committed 15920K, reserved 1048576K
Event: 121.987 GC heap after
Heap after GC invocations=24 (full 4):
 PSYoungGen      total 495616K, used 49816K [0x00000000d5580000, 0x00000000f8600000, 0x0000000100000000)
  eden space 428544K, 0% used [0x00000000d5580000,0x00000000d5580000,0x00000000ef800000)
  from space 67072K, 74% used [0x00000000f4280000,0x00000000f7326358,0x00000000f8400000)
  to   space 72704K, 0% used [0x00000000ef800000,0x00000000ef800000,0x00000000f3f00000)
 ParOldGen       total 235520K, used 161180K [0x0000000080000000, 0x000000008e600000, 0x00000000d5580000)
  object space 235520K, 68% used [0x0000000080000000,0x0000000089d67168,0x000000008e600000)
 Metaspace       used 114547K, capacity 120230K, committed 120360K, reserved 1153024K
  class space    used 14791K, capacity 15816K, committed 15920K, reserved 1048576K
}
Event: 172.792 GC heap before
{Heap before GC invocations=25 (full 4):
 PSYoungGen      total 495616K, used 478360K [0x00000000d5580000, 0x00000000f8600000, 0x0000000100000000)
  eden space 428544K, 100% used [0x00000000d5580000,0x00000000ef800000,0x00000000ef800000)
  from space 67072K, 74% used [0x00000000f4280000,0x00000000f7326358,0x00000000f8400000)
  to   space 72704K, 0% used [0x00000000ef800000,0x00000000ef800000,0x00000000f3f00000)
 ParOldGen       total 235520K, used 161180K [0x0000000080000000, 0x000000008e600000, 0x00000000d5580000)
  object space 235520K, 68% used [0x0000000080000000,0x0000000089d67168,0x000000008e600000)
 Metaspace       used 114982K, capacity 120726K, committed 120872K, reserved 1155072K
  class space    used 14805K, capacity 15898K, committed 15920K, reserved 1048576K
Event: 172.828 GC heap after
Heap after GC invocations=25 (full 4):
 PSYoungGen      total 501248K, used 30333K [0x00000000d5580000, 0x00000000faf80000, 0x0000000100000000)
  eden space 428544K, 0% used [0x00000000d5580000,0x00000000d5580000,0x00000000ef800000)
  from space 72704K, 41% used [0x00000000ef800000,0x00000000f159f4f0,0x00000000f3f00000)
  to   space 69120K, 0% used [0x00000000f6c00000,0x00000000f6c00000,0x00000000faf80000)
 ParOldGen       total 235520K, used 161188K [0x0000000080000000, 0x000000008e600000, 0x00000000d5580000)
  object space 235520K, 68% used [0x0000000080000000,0x0000000089d69168,0x000000008e600000)
 Metaspace       used 114982K, capacity 120726K, committed 120872K, reserved 1155072K
  class space    used 14805K, capacity 15898K, committed 15920K, reserved 1048576K
}

Deoptimization events (10 events):
Event: 172.509 Thread 0x000000001dea4800 Uncommon trap: reason=bimorphic action=maybe_recompile pc=0x0000000003b950ec method=com.android.ide.common.resources.configuration.FolderConfiguration.getQualifierString()Ljava/lang/String; @ 37
Event: 172.510 Thread 0x000000001dea4800 Uncommon trap: reason=bimorphic action=maybe_recompile pc=0x0000000003b7e41c method=com.android.ide.common.resources.configuration.FolderConfiguration.getQualifierString()Ljava/lang/String; @ 37
Event: 172.510 Thread 0x000000001dea4800 Uncommon trap: reason=bimorphic action=maybe_recompile pc=0x0000000003b7cae4 method=com.android.ide.common.resources.configuration.FolderConfiguration.getQualifierString()Ljava/lang/String; @ 37
Event: 172.532 Thread 0x000000001dea4800 Uncommon trap: reason=unstable_if action=reinterpret pc=0x0000000005a0e3fc method=com.android.ide.common.resources.configuration.FolderConfiguration.getQualifierString()Ljava/lang/String; @ 56
Event: 172.594 Thread 0x000000001dea4800 Uncommon trap: reason=unstable_if action=reinterpret pc=0x0000000003e9d358 method=com.sun.org.apache.xerces.internal.dom.ElementImpl.getAttributes()Lorg/w3c/dom/NamedNodeMap; @ 4
Event: 173.025 Thread 0x000000001dea4800 Uncommon trap: reason=bimorphic action=maybe_recompile pc=0x0000000003c92ce0 method=com.sun.org.apache.xerces.internal.dom.CoreDocumentImpl.isKidOK(Lorg/w3c/dom/Node;Lorg/w3c/dom/Node;)Z @ 39
Event: 173.563 Thread 0x000000001d480000 Uncommon trap: reason=unstable_if action=reinterpret pc=0x0000000003a3930c method=com.google.common.cache.LongAdder.add(J)V @ 24
Event: 173.996 Thread 0x000000001d47b000 Uncommon trap: reason=unstable_if action=reinterpret pc=0x0000000003da7a98 method=com.esotericsoftware.kryo.io.Output.writeVarLong(JZ)I @ 55
Event: 179.985 Thread 0x000000001dea4800 Uncommon trap: reason=unstable_if action=reinterpret pc=0x00000000042d5030 method=org.jetbrains.kotlin.gradle.internal.kapt.incremental.ClasspathEntryData.readObject(Ljava/io/ObjectInputStream;)V @ 301
Event: 183.306 Thread 0x000000001d486800 Uncommon trap: reason=unstable_if action=reinterpret pc=0x000000000461a65c method=com.sun.tools.javac.file.ZipFileIndex.isUpToDate()Z @ 32

Classes redefined (0 events):
No events

Internal exceptions (10 events):
Event: 186.838 Thread 0x000000001d486800 Exception <a 'java/security/PrivilegedActionException'> (0x00000000e5485000) thrown at [C:\src\AOSP-openjdk-git\hotspot\src\share\vm\prims\jvm.cpp, line 1502]
Event: 186.838 Thread 0x000000001d486800 Exception <a 'java/security/PrivilegedActionException'> (0x00000000e54855e0) thrown at [C:\src\AOSP-openjdk-git\hotspot\src\share\vm\prims\jvm.cpp, line 1502]
Event: 186.838 Thread 0x000000001d486800 Exception <a 'java/security/PrivilegedActionException'> (0x00000000e5487378) thrown at [C:\src\AOSP-openjdk-git\hotspot\src\share\vm\prims\jvm.cpp, line 1502]
Event: 186.838 Thread 0x000000001d486800 Exception <a 'java/security/PrivilegedActionException'> (0x00000000e5487958) thrown at [C:\src\AOSP-openjdk-git\hotspot\src\share\vm\prims\jvm.cpp, line 1502]
Event: 186.838 Thread 0x000000001d486800 Exception <a 'java/security/PrivilegedActionException'> (0x00000000e54895d8) thrown at [C:\src\AOSP-openjdk-git\hotspot\src\share\vm\prims\jvm.cpp, line 1502]
Event: 186.838 Thread 0x000000001d486800 Exception <a 'java/security/PrivilegedActionException'> (0x00000000e5489bb8) thrown at [C:\src\AOSP-openjdk-git\hotspot\src\share\vm\prims\jvm.cpp, line 1502]
Event: 186.838 Thread 0x000000001d486800 Exception <a 'java/security/PrivilegedActionException'> (0x00000000e548b820) thrown at [C:\src\AOSP-openjdk-git\hotspot\src\share\vm\prims\jvm.cpp, line 1502]
Event: 186.838 Thread 0x000000001d486800 Exception <a 'java/security/PrivilegedActionException'> (0x00000000e548be00) thrown at [C:\src\AOSP-openjdk-git\hotspot\src\share\vm\prims\jvm.cpp, line 1502]
Event: 186.838 Thread 0x000000001d486800 Exception <a 'java/security/PrivilegedActionException'> (0x00000000e548db58) thrown at [C:\src\AOSP-openjdk-git\hotspot\src\share\vm\prims\jvm.cpp, line 1502]
Event: 186.838 Thread 0x000000001d486800 Exception <a 'java/security/PrivilegedActionException'> (0x00000000e548e138) thrown at [C:\src\AOSP-openjdk-git\hotspot\src\share\vm\prims\jvm.cpp, line 1502]

Events (10 events):
Event: 187.114 loading class com/google/gson/FieldNamingStrategy
Event: 187.114 loading class com/google/gson/FieldNamingStrategy done
Event: 187.117 loading class com/google/gson/TypeAdapter
Event: 187.117 loading class com/google/gson/TypeAdapter done
Event: 187.118 loading class com/google/gson/DefaultDateTypeAdapter
Event: 187.118 loading class com/google/gson/DefaultDateTypeAdapter done
Event: 187.120 loading class com/google/gson/internal/Excluder
Event: 187.120 loading class com/google/gson/internal/Excluder done
Event: 187.121 loading class com/google/gson/TypeAdapterFactory
Event: 187.121 loading class com/google/gson/TypeAdapterFactory done


Dynamic libraries:
0x00007ff773b60000 - 0x00007ff773b91000 	C:\Program Files\Android\Android Studio\jre\bin\java.exe
0x00007ff9cc390000 - 0x00007ff9cc585000 	C:\WINDOWS\SYSTEM32\ntdll.dll
0x00007ff9cbfd0000 - 0x00007ff9cc08d000 	C:\WINDOWS\System32\KERNEL32.DLL
0x00007ff9c9ad0000 - 0x00007ff9c9d98000 	C:\WINDOWS\System32\KERNELBASE.dll
0x00007ff9cbb50000 - 0x00007ff9cbbfc000 	C:\WINDOWS\System32\ADVAPI32.dll
0x00007ff9cc0f0000 - 0x00007ff9cc18e000 	C:\WINDOWS\System32\msvcrt.dll
0x00007ff9cad30000 - 0x00007ff9cadcb000 	C:\WINDOWS\System32\sechost.dll
0x00007ff9cb520000 - 0x00007ff9cb64b000 	C:\WINDOWS\System32\RPCRT4.dll
0x00007ff9cb650000 - 0x00007ff9cb7f0000 	C:\WINDOWS\System32\USER32.dll
0x00007ff9c9fd0000 - 0x00007ff9c9ff2000 	C:\WINDOWS\System32\win32u.dll
0x00007ff9caca0000 - 0x00007ff9cacca000 	C:\WINDOWS\System32\GDI32.dll
0x00007ff9ca0a0000 - 0x00007ff9ca1ab000 	C:\WINDOWS\System32\gdi32full.dll
0x00007ff9ca000000 - 0x00007ff9ca09d000 	C:\WINDOWS\System32\msvcp_win.dll
0x00007ff9c9ed0000 - 0x00007ff9c9fd0000 	C:\WINDOWS\System32\ucrtbase.dll
0x00007ff9b4920000 - 0x00007ff9b4bba000 	C:\WINDOWS\WinSxS\amd64_microsoft.windows.common-controls_6595b64144ccf1df_6.0.19041.844_none_ca00b6081b84eb1d\COMCTL32.dll
0x00007ff9cbf40000 - 0x00007ff9cbf70000 	C:\WINDOWS\System32\IMM32.DLL
0x0000000054650000 - 0x0000000054722000 	C:\Program Files\Android\Android Studio\jre\jre\bin\msvcr100.dll
0x0000000054730000 - 0x0000000054f7b000 	C:\Program Files\Android\Android Studio\jre\jre\bin\server\jvm.dll
0x00007ff9cc280000 - 0x00007ff9cc288000 	C:\WINDOWS\System32\PSAPI.DLL
0x00007ff9b6c90000 - 0x00007ff9b6cb7000 	C:\WINDOWS\SYSTEM32\WINMM.dll
0x00007ff9c7700000 - 0x00007ff9c770a000 	C:\WINDOWS\SYSTEM32\VERSION.dll
0x00007ff9b28d0000 - 0x00007ff9b28d9000 	C:\WINDOWS\SYSTEM32\WSOCK32.dll
0x00007ff9cbc90000 - 0x00007ff9cbcfb000 	C:\WINDOWS\System32\WS2_32.dll
0x00007ff9c2860000 - 0x00007ff9c286f000 	C:\Program Files\Android\Android Studio\jre\jre\bin\verify.dll
0x00007ff9c2830000 - 0x00007ff9c2859000 	C:\Program Files\Android\Android Studio\jre\jre\bin\java.dll
0x00007ff9c2810000 - 0x00007ff9c2826000 	C:\Program Files\Android\Android Studio\jre\jre\bin\zip.dll
0x00007ff9cadd0000 - 0x00007ff9cb512000 	C:\WINDOWS\System32\SHELL32.dll
0x00007ff9c7800000 - 0x00007ff9c7f91000 	C:\WINDOWS\SYSTEM32\windows.storage.dll
0x00007ff9ca860000 - 0x00007ff9cabb5000 	C:\WINDOWS\System32\combase.dll
0x00007ff9c9470000 - 0x00007ff9c949c000 	C:\WINDOWS\SYSTEM32\Wldp.dll
0x00007ff9cc290000 - 0x00007ff9cc33e000 	C:\WINDOWS\System32\SHCORE.dll
0x00007ff9cbf70000 - 0x00007ff9cbfc5000 	C:\WINDOWS\System32\shlwapi.dll
0x00007ff9c9a10000 - 0x00007ff9c9a2f000 	C:\WINDOWS\SYSTEM32\profapi.dll
0x00007ff9ba750000 - 0x00007ff9ba76a000 	C:\Program Files\Android\Android Studio\jre\jre\bin\net.dll
0x00007ff9c91e0000 - 0x00007ff9c924a000 	C:\WINDOWS\system32\mswsock.dll
0x00007ff9ba730000 - 0x00007ff9ba743000 	C:\Program Files\Android\Android Studio\jre\jre\bin\nio.dll
0x00007ff993fe0000 - 0x00007ff994007000 	C:\Users\giang\.gradle\native\f6784746aeab05261644944871eae4fe03e0ef1612fff0a4a95f87b438bc6780\windows-amd64\native-platform.dll
0x00007ff9c2150000 - 0x00007ff9c215d000 	C:\Program Files\Android\Android Studio\jre\jre\bin\management.dll
0x00007ff9c93c0000 - 0x00007ff9c93d8000 	C:\WINDOWS\SYSTEM32\CRYPTSP.dll
0x00007ff9c8b80000 - 0x00007ff9c8bb4000 	C:\WINDOWS\system32\rsaenh.dll
0x00007ff9ca260000 - 0x00007ff9ca287000 	C:\WINDOWS\System32\bcrypt.dll
0x00007ff9c99d0000 - 0x00007ff9c99fe000 	C:\WINDOWS\SYSTEM32\USERENV.dll
0x00007ff9c9e50000 - 0x00007ff9c9ed0000 	C:\WINDOWS\System32\bcryptprimitives.dll
0x00007ff9c93b0000 - 0x00007ff9c93bc000 	C:\WINDOWS\SYSTEM32\CRYPTBASE.dll
0x00007ff9c8ed0000 - 0x00007ff9c8f0b000 	C:\WINDOWS\SYSTEM32\IPHLPAPI.DLL
0x00007ff9cb990000 - 0x00007ff9cb998000 	C:\WINDOWS\System32\NSI.dll
0x00007ff9bd8e0000 - 0x00007ff9bd8f7000 	C:\WINDOWS\SYSTEM32\dhcpcsvc6.DLL
0x00007ff9bd9b0000 - 0x00007ff9bd9cd000 	C:\WINDOWS\SYSTEM32\dhcpcsvc.DLL
0x00007ff9c8f10000 - 0x00007ff9c8fdc000 	C:\WINDOWS\SYSTEM32\DNSAPI.dll
0x00007ff9c10d0000 - 0x00007ff9c10db000 	C:\WINDOWS\SYSTEM32\WINNSI.DLL
0x00007ff9b34b0000 - 0x00007ff9b34ce000 	C:\Users\giang\AppData\Local\Temp\native-platform4018079834660829815dir\native-platform.dll

VM Arguments:
jvm_args: -Xmx2048m -Dfile.encoding=UTF-8 -Duser.country=US -Duser.language=en -Duser.variant 
java_command: org.gradle.launcher.daemon.bootstrap.GradleDaemon 6.5
java_class_path (initial): C:\Users\giang\.gradle\wrapper\dists\gradle-6.5-bin\6nifqtx7604sqp1q6g8wikw7p\gradle-6.5\lib\gradle-launcher-6.5.jar
Launcher Type: SUN_STANDARD

Environment Variables:
JAVA_HOME=C:\java
PATH=D:\platform-tools_r31.0.0-windows\platform-tools;C:\Program Files (x86)\Common Files\Oracle\Java\javapath;C:\WINDOWS\system32;C:\WINDOWS;C:\WINDOWS\System32\Wbem;C:\WINDOWS\System32\WindowsPowerShell\v1.0\;C:\WINDOWS\System32\OpenSSH\;C:\Program Files\dotnet\;C:\Program Files\Microsoft SQL Server\130\Tools\Binn\;C:\Program Files\Microsoft SQL Server\120\DTS\Binn\;C:\Program Files\Microsoft SQL Server\Client SDK\ODBC\110\Tools\Binn\;C:\Program Files (x86)\Microsoft SQL Server\120\Tools\Binn\;C:\Program Files\Microsoft SQL Server\120\Tools\Binn\;C:\Program Files (x86)\Microsoft SQL Server\120\Tools\Binn\ManagementStudio\;C:\Program Files (x86)\Microsoft SQL Server\120\DTS\Binn\;D:\Program Files\Git\cmd;C:\Users\giang\AppData\Local\Microsoft\WindowsApps;C:\Users\giang\.dotnet\tools;C:\hadoop-2.7.3\bin;C:\java\bin;;D:\Program Files\JetBrains\IntelliJ IDEA Community Edition 2020.2.3\bin;
USERNAME=giang
OS=Windows_NT
PROCESSOR_IDENTIFIER=Intel64 Family 6 Model 142 Stepping 9, GenuineIntel



---------------  S Y S T E M  ---------------

OS: Windows 10.0 , 64 bit Build 19041 (10.0.19041.928)

CPU:total 4 (initial active 4) (2 cores per cpu, 2 threads per core) family 6 model 142 stepping 9, cmov, cx8, fxsr, mmx, sse, sse2, sse3, ssse3, sse4.1, sse4.2, popcnt, avx, avx2, aes, clmul, erms, 3dnowpref, lzcnt, ht, tsc, tscinvbit, bmi1, bmi2, adx

Memory: 4k page, physical 8206764k(316352k free), swap 12401068k(5884k free)

vm_info: OpenJDK 64-Bit Server VM (25.242-b01) for windows-amd64 JRE (1.8.0_242-release-1644-b01), built by "builder" with MS VC++ 10.0 (VS2010)

time: Thu Apr 22 17:10:49 2021
timezone: SE Asia Standard Time
elapsed time: 187 seconds (0d 0h 3m 7s)

